<?xml version="1.0" encoding="UTF-8"?>
<!-- Generated by org.testng.reporters.JUnitReportReporter -->
<testsuite hostname="DESKTOP-5DJG0VO" failures="0" tests="1" name="crm.ContactTest.createContactWith3ScrptsTest" time="83.415" errors="0" timestamp="2024-05-18T10:18:49 IST" skipped="0">
  <testcase classname="crm.ContactTest.createContactWith3ScrptsTest" name="createContactTest" time="83.415"/>
</testsuite> <!-- crm.ContactTest.createContactWith3ScrptsTest -->
