<?xml version="1.0" encoding="UTF-8"?>
<!-- Generated by org.testng.reporters.JUnitReportReporter -->
<testsuite hostname="DESKTOP-5DJG0VO" failures="0" tests="1" name="crm.ContactTest.CreateContactWithOrgNameTest" time="35.079" errors="0" timestamp="2024-05-15T11:02:48 IST" skipped="0">
  <testcase classname="crm.ContactTest.CreateContactWithOrgNameTest" name="createContactWithOrgNameTest" time="35.079"/>
</testsuite> <!-- crm.ContactTest.CreateContactWithOrgNameTest -->
